[2026-03-21 11:02:43] INFO mepale: OF OF-2603-0001 confirmť.
[2026-03-21 14:07:20] INFO mepale: Inventaire INV-2603-0002 annulť par Panawe Touh (Administrateur)
[2026-03-21 14:07:28] INFO mepale: Inventaire INV-2603-0001 annulť par Panawe Touh (Administrateur)
[2026-03-21 14:08:09] INFO mepale: Inventaire INV-2603-0003 validť par Panawe Touh (Administrateur)
[2026-03-21 14:29:17] INFO mepale: Mouvement manuel [Ajustement positif (inventaire)] 10.000 ◊ Piment Dapaong par Panawe Touh (Administrateur)
[2026-03-21 14:29:32] INFO mepale: OF OF-2603-0001 dťmarrť.
[2026-03-21 14:30:03] INFO mepale: OF OF-2603-0001 terminť. Quantitť produite: 300.0
[2026-03-22 14:20:44] INFO mepale: OF OF-2603-0003 : 2 composant(s) rťservťs en stock.
[2026-03-22 14:20:44] INFO mepale: OF OF-2603-0003 confirmť.
[2026-03-22 14:21:41] INFO mepale: Mouvement manuel [Ajustement positif (inventaire)] 50.000 ◊ Piment Dapaong par Panawe Touh (Administrateur)
[2026-03-23 10:24:47] INFO mepale: OF OF-2603-0003 dťmarrť.
[2026-03-23 10:25:03] INFO mepale: OF OF-2603-0003 terminť. Quantitť produite: 400.0
[2026-03-23 10:27:31] INFO mepale: Lot PF crťť : LOT-20260323-0001
[2026-03-23 10:27:31] INFO mepale: OF OF-2603-0003 : rťservation stock libťrťe (mode hťritage).
[2026-03-23 10:27:31] INFO mepale: OF OF-2603-0003 ó sortie stock MP via nomenclature live (hťritage).
[2026-03-23 10:27:31] WARNING mepale: OF OF-2603-0003 : stock insuffisant pour mat001 ó manque 12.0 tonne
[2026-03-23 10:27:31] WARNING mepale: OF OF-2603-0003 : stock insuffisant pour Piment Dapaong ó manque 8.0 tonne
[2026-03-23 10:27:31] INFO mepale: Entrťe stock : Piment en boite ◊ 400.000 (LOT-20260323-0001)
[2026-03-23 10:27:31] INFO mepale: OF OF-2603-0003 clŰturť. CoŻt unitaire : 0.00 FCFA (rebuts PF : 0, unitťs bonnes : 400.000).
[2026-03-27 13:18:50] INFO mepale: Mouvement manuel [Ajustement positif (inventaire)] 5000.000 ◊ Bocal (500g) par Panawe Touh (Administrateur)
[2026-03-27 13:19:07] INFO mepale: Mouvement manuel [Ajustement positif (inventaire)] 5000.000 ◊ couvercle bocal (500g) par Panawe Touh (Administrateur)
[2026-03-27 13:19:38] INFO mepale: Mouvement manuel [Ajustement positif (inventaire)] 500000.000 ◊ Tomates fraiches par Panawe Touh (Administrateur)
[2026-03-27 13:25:11] WARNING mepale: OF OF-2603-0004 : rťservation partielle pour Bocal (500g) ó 400.0 pcs non couverts (lots disponibles insuffisants ou dťjŗ rťservťs par d'autres OFs).
[2026-03-27 13:25:11] WARNING mepale: OF OF-2603-0004 : rťservation partielle pour Tomates fraiches ó 240.0 kg non couverts (lots disponibles insuffisants ou dťjŗ rťservťs par d'autres OFs).
[2026-03-27 13:25:11] WARNING mepale: OF OF-2603-0004 : rťservation partielle pour couvercle bocal (500g) ó 400.0 pcs non couverts (lots disponibles insuffisants ou dťjŗ rťservťs par d'autres OFs).
[2026-03-27 13:25:11] INFO mepale: OF OF-2603-0004 : 0 rťservation(s) lot crťťe(s) (P2-D).
[2026-03-27 13:25:11] INFO mepale: OF OF-2603-0004 confirmť (snapshot BOM figť : 3 lignes).
[2026-03-27 13:26:12] INFO mepale: OF OF-2603-0004 dťmarrť.
[2026-03-27 13:27:04] INFO mepale: OF OF-2603-0004 terminť. Quantitť produite: 300.0
[2026-03-27 13:31:36] WARNING mepale: OF OF-2603-0005 : rťservation partielle pour Bocal (500g) ó 50.0 pcs non couverts (lots disponibles insuffisants ou dťjŗ rťservťs par d'autres OFs).
[2026-03-27 13:31:36] WARNING mepale: OF OF-2603-0005 : rťservation partielle pour Tomates fraiches ó 30.0 kg non couverts (lots disponibles insuffisants ou dťjŗ rťservťs par d'autres OFs).
[2026-03-27 13:31:36] WARNING mepale: OF OF-2603-0005 : rťservation partielle pour couvercle bocal (500g) ó 50.0 pcs non couverts (lots disponibles insuffisants ou dťjŗ rťservťs par d'autres OFs).
[2026-03-27 13:31:36] INFO mepale: OF OF-2603-0005 : 0 rťservation(s) lot crťťe(s) (P2-D).
[2026-03-27 13:31:36] INFO mepale: OF OF-2603-0005 confirmť (snapshot BOM figť : 3 lignes).
[2026-03-27 13:31:39] INFO mepale: OF OF-2603-0005 dťmarrť.
[2026-03-27 13:35:55] INFO mepale: OF OF-2603-0005 terminť. Quantitť produite: 53.0
[2026-03-27 13:38:17] INFO mepale: OF OF-2603-0005 terminť. Quantitť produite: 53.0
[2026-03-27 13:38:54] INFO mepale: Lot PF crťť : LOT-20260327-0001
[2026-03-27 13:38:54] INFO mepale: OF OF-2603-0005 : rťservation stock libťrťe (mode hťritage).
[2026-03-27 13:38:54] INFO mepale: OF OF-2603-0005 ó sortie stock MP via snapshot figť.
[2026-03-27 13:38:54] WARNING mepale: OF OF-2603-0005 : stock insuffisant pour Bocal (500g) ó manque 53.0 pcs
[2026-03-27 13:38:54] WARNING mepale: OF OF-2603-0005 : stock insuffisant pour Tomates fraiches ó manque 31.799999999999997 kg
[2026-03-27 13:38:54] WARNING mepale: OF OF-2603-0005 : stock insuffisant pour couvercle bocal (500g) ó manque 53.0 pcs
[2026-03-27 13:38:54] INFO mepale: Entrťe stock : Tomates en boites (500g) ◊ 53.000 (LOT-20260327-0001)
[2026-03-27 13:38:54] INFO mepale: OF OF-2603-0005 clŰturť. CoŻt unitaire : 0.00 FCFA (rebuts PF : 0, unitťs bonnes : 53.000).
[2026-03-27 13:50:10] INFO mepale: OF OF-2603-0006 : rťservation sans lot Bocal (500g) ó 110.0 pcs
[2026-03-27 13:50:10] INFO mepale: OF OF-2603-0006 : rťservation sans lot Tomates fraiches ó 66.0 kg
[2026-03-27 13:50:10] INFO mepale: OF OF-2603-0006 : rťservation sans lot couvercle bocal (500g) ó 110.0 pcs
[2026-03-27 13:50:10] INFO mepale: OF OF-2603-0006 : 0 rťservation(s) lot + fallback sans lot traitť(s).
[2026-03-27 13:50:10] INFO mepale: OF OF-2603-0006 confirmť (snapshot BOM figť : 3 lignes).
[2026-03-27 13:50:40] INFO mepale: OF OF-2603-0006 dťmarrť.
[2026-03-27 13:51:44] INFO mepale: OF OF-2603-0006 terminť. Quantitť produite: 108.0
[2026-03-27 13:51:53] INFO mepale: Lot PF crťť : LOT-20260327-0002
[2026-03-27 13:51:53] INFO mepale: OF OF-2603-0006 : rťservation stock libťrťe (mode hťritage).
[2026-03-27 13:51:53] INFO mepale: OF OF-2603-0006 ó sortie stock MP via snapshot figť.
[2026-03-27 13:51:53] INFO mepale: OF OF-2603-0006 : consommation sans lot Bocal (500g) ó 108.0 pcs
[2026-03-27 13:51:53] INFO mepale: OF OF-2603-0006 : consommation sans lot Tomates fraiches ó 64.8 kg
[2026-03-27 13:51:53] INFO mepale: OF OF-2603-0006 : consommation sans lot couvercle bocal (500g) ó 108.0 pcs
[2026-03-27 13:51:53] INFO mepale: Entrťe stock : Tomates en boites (500g) ◊ 108.000 (LOT-20260327-0002)
[2026-03-27 13:51:53] INFO mepale: OF OF-2603-0006 clŰturť. CoŻt unitaire : 350.00 FCFA (rebuts PF : 0, unitťs bonnes : 108.000).
[2026-03-27 14:08:26] INFO mepale: OF OF-2603-0007 : rťservation sans lot Bocal (500g) ó 30.0 pcs (stock global)
[2026-03-27 14:08:26] INFO mepale: OF OF-2603-0007 : rťservation sans lot Tomates fraiches ó 18.0 kg (stock global)
[2026-03-27 14:08:26] INFO mepale: OF OF-2603-0007 : rťservation sans lot couvercle bocal (500g) ó 30.0 pcs (stock global)
[2026-03-27 14:08:26] INFO mepale: OF OF-2603-0007 : 0 rťservation(s) lot + fallback sans lot traitť(s).
[2026-03-27 14:08:26] INFO mepale: OF OF-2603-0007 confirmť (snapshot BOM figť : 3 lignes).
[2026-03-27 14:08:57] INFO mepale: OF OF-2603-0007 dťmarrť.
[2026-03-27 14:09:07] INFO mepale: OF OF-2603-0007 terminť. Quantitť produite: 35.0
[2026-03-27 14:09:19] INFO mepale: Lot PF crťť : LOT-20260327-0003
[2026-03-27 14:09:19] INFO mepale: OF OF-2603-0007 : rťservation stock libťrťe (mode hťritage).
[2026-03-27 14:09:19] INFO mepale: OF OF-2603-0007 ó sortie stock MP via snapshot figť.
[2026-03-27 14:09:19] INFO mepale: OF OF-2603-0007 : consommation sans lot Bocal (500g) ó 35.0 pcs
[2026-03-27 14:09:19] INFO mepale: OF OF-2603-0007 : consommation sans lot Tomates fraiches ó 21.0 kg
[2026-03-27 14:09:19] INFO mepale: OF OF-2603-0007 : consommation sans lot couvercle bocal (500g) ó 35.0 pcs
[2026-03-27 14:09:19] INFO mepale: Entrťe stock : Tomates en boites (500g) ◊ 35.000 (LOT-20260327-0003)
[2026-03-27 14:09:19] INFO mepale: OF OF-2603-0007 clŰturť. CoŻt unitaire : 350.00 FCFA (rebuts PF : 0, unitťs bonnes : 35.000).
[2026-04-03 12:16:25] INFO mepale: OF OF-2604-0001 : rťservation sans lot Bocal (500g) ó 24.0 pcs (stock global)
[2026-04-03 12:16:25] INFO mepale: OF OF-2604-0001 : rťservation sans lot Tomates fraiches ó 14.399999999999999 kg (stock global)
[2026-04-03 12:16:25] INFO mepale: OF OF-2604-0001 : rťservation sans lot couvercle bocal (500g) ó 24.0 pcs (stock global)
[2026-04-03 12:16:25] INFO mepale: OF OF-2604-0001 : 0 rťservation(s) lot + fallback sans lot traitť(s).
[2026-04-03 12:16:25] INFO mepale: OF OF-2604-0001 confirmť (snapshot BOM figť : 3 lignes).
[2026-04-03 12:16:29] INFO mepale: OF OF-2604-0001 dťmarrť.
[2026-04-03 12:16:56] INFO mepale: OF OF-2604-0001 terminť. Quantitť produite: 26.0
[2026-04-03 12:17:11] INFO mepale: Lot PF crťť : LOT-20260403-0001
[2026-04-03 12:17:11] INFO mepale: OF OF-2604-0001 : rťservation stock libťrťe (mode hťritage).
[2026-04-03 12:17:11] INFO mepale: OF OF-2604-0001 ó sortie stock MP via snapshot figť.
[2026-04-03 12:17:11] INFO mepale: OF OF-2604-0001 : consommation sans lot Bocal (500g) ó 26.0 pcs
[2026-04-03 12:17:12] INFO mepale: OF OF-2604-0001 : consommation sans lot Tomates fraiches ó 15.6 kg
[2026-04-03 12:17:12] INFO mepale: OF OF-2604-0001 : consommation sans lot couvercle bocal (500g) ó 26.0 pcs
[2026-04-03 12:17:12] INFO mepale: Entrťe stock : Tomates en boites (500g) ◊ 26.000 (LOT-20260403-0001)
[2026-04-03 12:17:12] INFO mepale: OF OF-2604-0001 clŰturť. CoŻt unitaire : 350.00 FCFA (rebuts PF : 0, unitťs bonnes : 26.000).
[2026-04-03 12:29:24] INFO mepale: OF OF-2604-0002 : rťservation sans lot Bocal (500g) ó 35.0 pcs (stock global)
[2026-04-03 12:29:24] INFO mepale: OF OF-2604-0002 : rťservation sans lot Tomates fraiches ó 21.0 kg (stock global)
[2026-04-03 12:29:24] INFO mepale: OF OF-2604-0002 : rťservation sans lot couvercle bocal (500g) ó 35.0 pcs (stock global)
[2026-04-03 12:29:24] INFO mepale: OF OF-2604-0002 : 0 rťservation(s) lot + fallback sans lot traitť(s).
[2026-04-03 12:29:24] INFO mepale: OF OF-2604-0002 confirmť (snapshot BOM figť : 3 lignes).
[2026-04-03 12:29:34] INFO mepale: OF OF-2604-0002 dťmarrť.
[2026-04-03 12:29:40] INFO mepale: OF OF-2604-0002 terminť. Quantitť produite: 34.0
[2026-04-03 12:29:51] INFO mepale: Lot PF crťť : LOT-20260403-0002
[2026-04-03 12:29:51] INFO mepale: OF OF-2604-0002 : rťservation stock libťrťe (mode hťritage).
[2026-04-03 12:29:51] INFO mepale: OF OF-2604-0002 ó sortie stock MP via snapshot figť.
[2026-04-03 12:29:51] INFO mepale: OF OF-2604-0002 : consommation sans lot Bocal (500g) ó 34.0 pcs
[2026-04-03 12:29:51] INFO mepale: OF OF-2604-0002 : consommation sans lot Tomates fraiches ó 20.4 kg
[2026-04-03 12:29:51] INFO mepale: OF OF-2604-0002 : consommation sans lot couvercle bocal (500g) ó 34.0 pcs
[2026-04-03 12:29:51] INFO mepale: Entrťe stock : Tomates en boites (500g) ◊ 34.000 (LOT-20260403-0002)
[2026-04-03 12:29:51] INFO mepale: OF OF-2604-0002 clŰturť. CoŻt unitaire : 350.00 FCFA (rebuts PF : 0, unitťs bonnes : 34.000).
[2026-04-03 16:33:28] INFO mepale: BC BC-2604-0001 annulť par Panawe Touh (Administrateur)
[2026-04-03 16:34:17] INFO mepale: BC BC-2604-0002 envoyť par Panawe Touh (Administrateur)
[2026-04-03 16:34:30] INFO mepale: BC BC-2604-0002 confirmť par fournisseur ó saisi par Panawe Touh (Administrateur)
[2026-04-03 16:34:54] INFO mepale: BC BC-2604-0002 annulť par Panawe Touh (Administrateur)
[2026-04-03 16:36:29] INFO mepale: BC BC-2604-0003 envoyť par Panawe Touh (Administrateur)
[2026-04-03 16:36:31] INFO mepale: BC BC-2604-0003 confirmť par fournisseur ó saisi par Panawe Touh (Administrateur)
[2026-04-03 16:44:06] INFO mepale: Inventaire INV-2604-0001 crťť par Panawe Touh (Administrateur) ó pťrimŤtre : complet ó 9 lignes
[2026-04-03 16:44:20] INFO mepale: Inventaire INV-2604-0001 annulť par Panawe Touh (Administrateur)
[2026-04-04 09:37:58] INFO mepale: BC BC-2604-0005 envoyť par Panawe Touh (Administrateur)
[2026-04-04 09:38:24] INFO mepale: BC BC-2604-0005 confirmť par fournisseur ó saisi par Panawe Touh (Administrateur)
[2026-04-04 09:40:22] INFO mepale: BC BC-2604-0006 envoyť par Panawe Touh (Administrateur)
[2026-04-04 09:56:08] INFO mepale: Entrťe stock : Bocal (500g) ◊ 5.000 (LOT-20260404-0001)
[2026-04-04 09:56:08] INFO mepale: Rťception REC-2604-0001 validťe (0 NC).
[2026-04-04 09:58:19] INFO mepale: Entrťe stock : couvercle bocal (500g) ◊ 1.000 (LOT-20260404-0002)
[2026-04-04 09:58:19] INFO mepale: Rťception REC-2604-0002 validťe (0 NC).
[2026-04-04 09:58:57] WARNING mepale: LOT NC [LOT-20260404-0003] REC-2604-0003 ó article MP-0003 ó motif : probleme
[2026-04-04 09:58:57] WARNING mepale: Rťception REC-2604-0003 ó 1 ligne(s) NC (fournisseur : soseya).
[2026-04-04 09:58:57] INFO mepale: Rťception REC-2604-0003 validťe (1 NC).
[2026-04-04 10:25:17] INFO mepale: BC BC-2604-0007 envoyť par Panawe Touh (Administrateur)
[2026-04-04 10:25:47] INFO mepale: Entrťe stock : Bocal (500g) ◊ 6.000 (LOT-20260404-0004)
[2026-04-04 10:25:47] INFO mepale: Rťception REC-2604-0004 validťe (0 NC).
[2026-04-04 10:26:27] INFO mepale: BC BC-2604-0008 envoyť par Panawe Touh (Administrateur)
[2026-04-04 10:26:58] WARNING mepale: LOT NC [LOT-20260404-0005] REC-2604-0005 ó article MP-0002 ó motif : test002
[2026-04-04 10:26:58] WARNING mepale: Rťception REC-2604-0005 ó 1 ligne(s) NC (fournisseur : soseya).
[2026-04-04 10:26:59] INFO mepale: Rťception REC-2604-0005 validťe (1 NC).
[2026-04-04 10:48:06] INFO mepale: Retour RET-2604-0003 : 7.0 ◊ pcs Bocal (500g) (lot LOT-20260404-0005, statut : epuise) retournť ŗ soseya.
[2026-04-04 10:48:06] INFO mepale: Rťception REC-2604-0005 marquťe REJET…E (toutes lignes retournťes).
[2026-04-04 10:48:06] INFO mepale: Retour RET-2604-0003 validť.
[2026-04-04 14:23:48] INFO mepale: Facture FAC-2604-0003 soumise par Panawe Touh (Administrateur)
[2026-04-04 14:24:20] INFO mepale: Facture FAC-2604-0003 approuvťe par Panawe Touh (Administrateur)
[2026-04-04 14:24:41] INFO mepale: Facture FAC-2604-0002 soumise par Panawe Touh (Administrateur)
[2026-04-04 14:24:51] INFO mepale: Facture FAC-2604-0002 approuvťe par Panawe Touh (Administrateur)
[2026-04-04 14:28:21] INFO mepale: Facture FAC-2604-0001 soumise par Panawe Touh (Administrateur)
[2026-04-04 14:28:23] INFO mepale: Facture FAC-2604-0001 approuvťe par Panawe Touh (Administrateur)
[2026-04-04 14:28:37] INFO mepale: Facture FAC-2604-0001 annulťe par Panawe Touh (Administrateur)
[2026-04-04 23:11:00] INFO mepale: Paiement 50000.00 FCFA sur facture FAC-2604-0003 par Panawe Touh (Administrateur)
[2026-04-04 23:11:13] INFO mepale: Paiement 17732.00 FCFA sur facture FAC-2604-0003 par Panawe Touh (Administrateur)
[2026-04-04 23:14:11] INFO mepale: Inventaire INV-2604-0002 crťť par Panawe Touh (Administrateur) ó pťrimŤtre : complet ó 9 lignes
[2026-04-04 23:14:35] INFO mepale: Inventaire INV-2604-0002 annulť par Panawe Touh (Administrateur)
[2026-04-04 23:26:34] INFO mepale: Inventaire INV-2604-0003 crťť par Panawe Touh (Administrateur) ó pťrimŤtre : articles ó 2 lignes
[2026-04-15 10:01:09] INFO mepale: RETOUR CLIENT RMA-2604-0001 ó Remise en stock : 50.000 ◊ Bocal (500g)
[2026-04-15 10:32:28] INFO mepale: RETOUR CLIENT RMA-2604-0002 ó Remise en stock : 35.000 ◊ Bocal (500g)
[2026-04-17 10:00:41] INFO mepale: BC BC-2604-0006 clŰturť manuellement par Panawe Touh (Administrateur). Motif : Reliquat dťfinitivement abandonnť
[2026-04-18 17:54:53] INFO mepale: BC BC-2604-0013 annulť par Panawe Touh (Administrateur)
[2026-04-20 14:59:17] INFO mepale: OF OF-2604-0003 : rťservation sans lot Bocal (500g) ó 19.000 pcs (stock global)
[2026-04-20 14:59:17] INFO mepale: OF OF-2604-0003 : rťservation sans lot Tomates fraiches ó 18.0 kg (stock global)
[2026-04-20 14:59:17] INFO mepale: OF OF-2604-0003 : rťservation sans lot couvercle bocal (500g) ó 29.000 pcs (stock global)
[2026-04-20 14:59:17] INFO mepale: OF OF-2604-0003 : 3 rťservation(s) lot + fallback sans lot traitť(s).
[2026-04-20 14:59:17] INFO mepale: OF OF-2604-0003 confirmť (snapshot BOM figť : 3 lignes).
[2026-04-20 14:59:19] INFO mepale: OF OF-2604-0003 dťmarrť.
[2026-04-20 14:59:28] INFO mepale: OF OF-2604-0003 terminť. Quantitť produite: 32.0
[2026-04-20 15:00:04] INFO mepale: Lot PF crťť : LOT-20260420-0001
[2026-04-20 15:00:04] INFO mepale: OF OF-2604-0003 : 3 rťservation(s) lot libťrťe(s) (P2-D).
[2026-04-20 15:00:04] INFO mepale: OF OF-2604-0003 : libťration sans lot Bocal (500g) ó 19.000 pcs
[2026-04-20 15:00:04] INFO mepale: OF OF-2604-0003 : libťration sans lot Tomates fraiches ó 18.000 kg
[2026-04-20 15:00:04] INFO mepale: OF OF-2604-0003 : libťration sans lot couvercle bocal (500g) ó 29.000 pcs
[2026-04-20 15:00:04] INFO mepale: OF OF-2604-0003 ó sortie stock MP via snapshot figť.
[2026-04-20 15:00:04] INFO mepale: OF OF-2604-0003 : consommation sans lot Bocal (500g) ó 21.000 pcs
[2026-04-20 15:00:04] INFO mepale: OF OF-2604-0003 : consommation sans lot Tomates fraiches ó 19.2 kg
[2026-04-20 15:00:04] INFO mepale: OF OF-2604-0003 : consommation sans lot couvercle bocal (500g) ó 31.000 pcs
[2026-04-20 15:00:04] INFO mepale: Entrťe stock : Tomates en boites (500g) ◊ 32.000 (LOT-20260420-0001)
[2026-04-20 15:00:04] INFO mepale: OF OF-2604-0003 clŰturť. CoŻt unitaire : 447.97 FCFA (rebuts PF : 0, unitťs bonnes : 32.000).
